<?xml version="1.0" encoding="UTF-8"?>
<testsuite name="com.hi.jeong.springboot.web.dto.HelloResponseDtoTest" tests="1" skipped="0" failures="0" errors="0" timestamp="2020-05-14T12:18:12" hostname="DESKTOP-ER2TKBB" time="0.06">
  <properties/>
  <testcase name="롬복_기능_테스트" classname="com.hi.jeong.springboot.web.dto.HelloResponseDtoTest" time="0.06"/>
  <system-out><![CDATA[]]></system-out>
  <system-err><![CDATA[]]></system-err>
</testsuite>
